[0626/094331.286:INFO:CONSOLE(0)] "Error with Permissions-Policy header: Feature xr-spatial-tracking's parameters are ignored.", source:  (0)
[0626/094331.286:INFO:CONSOLE(0)] "Error with Permissions-Policy header: Origin trial controlled feature not enabled: 'attribution-reporting'.", source:  (0)
[0626/094331.286:INFO:CONSOLE(0)] "Error with Permissions-Policy header: Unrecognized feature: 'compute-pressure'.", source:  (0)
[0626/094331.286:INFO:CONSOLE(0)] "Error with Permissions-Policy header: Origin trial controlled feature not enabled: 'interest-cohort'.", source:  (0)
[0626/094331.287:INFO:CONSOLE(0)] "Error with Permissions-Policy header: Unrecognized feature: 'private-state-token-issuance'.", source:  (0)
[0626/094331.287:INFO:CONSOLE(0)] "Error with Permissions-Policy header: Origin trial controlled feature not enabled: 'shared-storage'.", source:  (0)
[0626/094331.287:INFO:CONSOLE(0)] "Error with Permissions-Policy header: Unrecognized feature: 'shared-storage-select-url'.", source:  (0)
[0626/094331.287:INFO:CONSOLE(0)] "Error with Permissions-Policy header: Unrecognized feature: 'private-state-token-redemption'.", source:  (0)
[0626/094331.287:INFO:CONSOLE(0)] "Error with Permissions-Policy header: Unrecognized feature: 'unload'.", source:  (0)
[0626/094331.287:INFO:CONSOLE(0)] "Error with Permissions-Policy header: Unrecognized feature: 'window-management'.", source:  (0)
[0626/094331.287:INFO:CONSOLE(0)] "Document-Policy HTTP header: Unrecognized document policy feature name include-js-call-stacks-in-crash-reports.", source: https://web.whatsapp.com/ (0)
[0626/094335.313:INFO:CONSOLE(163)] "Event handler of 'x-storagemutated-1' event must be added on the initial evaluation of worker script.", source: https://static.whatsapp.net/rsrc.php/v4/y_/r/8gjbG0ks9jL.js (163)
[0626/094441.719:INFO:CONSOLE(163)] "Event handler of 'x-storagemutated-1' event must be added on the initial evaluation of worker script.", source: https://static.whatsapp.net/rsrc.php/v4/y_/r/8gjbG0ks9jL.js (163)
[0626/094623.713:INFO:CONSOLE(163)] "Event handler of 'x-storagemutated-1' event must be added on the initial evaluation of worker script.", source: https://static.whatsapp.net/rsrc.php/v4/y_/r/8gjbG0ks9jL.js (163)
[0626/094829.447:INFO:CONSOLE(163)] "Event handler of 'x-storagemutated-1' event must be added on the initial evaluation of worker script.", source: https://static.whatsapp.net/rsrc.php/v4/y_/r/8gjbG0ks9jL.js (163)
[0626/094847.300:INFO:CONSOLE(902)] "Failed to parse video contentType: video/mp4; codecs=avc1.42000a", source: https://static.whatsapp.net/rsrc.php/v4iJJ14/yJ/l/rt/YEqa75ZY8Wt.js (902)
[0626/094847.300:INFO:CONSOLE(902)] "Failed to parse video contentType: video/mp4; codecs=hev1.1.6.L93.B0", source: https://static.whatsapp.net/rsrc.php/v4iJJ14/yJ/l/rt/YEqa75ZY8Wt.js (902)
[0626/094904.749:INFO:CONSOLE(163)] "Event handler of 'x-storagemutated-1' event must be added on the initial evaluation of worker script.", source: https://static.whatsapp.net/rsrc.php/v4/y_/r/8gjbG0ks9jL.js (163)
[0626/095050.191:INFO:CONSOLE(163)] "Event handler of 'x-storagemutated-1' event must be added on the initial evaluation of worker script.", source: https://static.whatsapp.net/rsrc.php/v4/y_/r/8gjbG0ks9jL.js (163)
[0626/095150.299:INFO:CONSOLE(163)] "Event handler of 'x-storagemutated-1' event must be added on the initial evaluation of worker script.", source: https://static.whatsapp.net/rsrc.php/v4/y_/r/8gjbG0ks9jL.js (163)
[0626/095547.415:INFO:CONSOLE(163)] "Event handler of 'x-storagemutated-1' event must be added on the initial evaluation of worker script.", source: https://static.whatsapp.net/rsrc.php/v4/y_/r/8gjbG0ks9jL.js (163)
[0626/100145.849:ERROR:backend_impl.cc(754)] Unable to create file: -4
[0626/100145.849:ERROR:entry_impl.cc(995)] Failed to save user data
[0626/100157.327:ERROR:backend_impl.cc(754)] Unable to create file: -4
[0626/100157.327:ERROR:entry_impl.cc(995)] Failed to save user data
[0626/100222.080:ERROR:backend_impl.cc(754)] Unable to create file: -4
[0626/100222.080:ERROR:entry_impl.cc(995)] Failed to save user data
[0626/100240.557:ERROR:backend_impl.cc(754)] Unable to create file: -4
[0626/100240.557:ERROR:entry_impl.cc(995)] Failed to save user data
